<?xml version="1.0" encoding="UTF-8"?>
<testng-results skipped="0" failed="3" ignored="0" total="15" passed="12">
  <reporter-output>
  </reporter-output>
  <suite name="Surefire suite" duration-ms="151814" started-at="2022-05-26T00:55:15 EET" finished-at="2022-05-26T00:57:46 EET">
    <groups>
      <group name="cucumber">
        <method signature="AbstractTestNGCucumberTests.runScenario(io.cucumber.testng.PickleWrapper,io.cucumber.testng.FeatureWrapper)[pri:0, instance:org.example.runners.TestRunner@480bdb19]" name="runScenario" class="io.cucumber.testng.AbstractTestNGCucumberTests"/>
      </group> <!-- cucumber -->
    </groups>
    <test name="Surefire test" duration-ms="151814" started-at="2022-05-26T00:55:15 EET" finished-at="2022-05-26T00:57:46 EET">
      <class name="org.example.runners.TestRunner">
        <test-method status="PASS" signature="setUpClass(org.testng.ITestContext)[pri:0, instance:org.example.runners.TestRunner@480bdb19]" name="setUpClass" is-config="true" duration-ms="840" started-at="2022-05-26T00:55:15 EET" finished-at="2022-05-26T00:55:15 EET">
          <params>
            <param index="0">
              <value>
                <![CDATA[org.testng.TestRunner@7d0100ea]]>
              </value>
            </param>
          </params>
          <reporter-output>
          </reporter-output>
        </test-method> <!-- setUpClass -->
        <test-method status="PASS" signature="runScenario(io.cucumber.testng.PickleWrapper,io.cucumber.testng.FeatureWrapper)[pri:0, instance:org.example.runners.TestRunner@480bdb19]" name="runScenario" duration-ms="16594" started-at="2022-05-26T00:55:15 EET" description="Runs Cucumber Scenarios" data-provider="scenarios" finished-at="2022-05-26T00:55:32 EET">
          <params>
            <param index="0">
              <value>
                <![CDATA["user registers with valid data"]]>
              </value>
            </param>
            <param index="1">
              <value>
                <![CDATA["1-Registration - User should be able to register a new account"]]>
              </value>
            </param>
          </params>
          <reporter-output>
          </reporter-output>
        </test-method> <!-- runScenario -->
        <test-method status="PASS" signature="runScenario(io.cucumber.testng.PickleWrapper,io.cucumber.testng.FeatureWrapper)[pri:0, instance:org.example.runners.TestRunner@480bdb19]" name="runScenario" duration-ms="12855" started-at="2022-05-26T00:55:32 EET" description="Runs Cucumber Scenarios" data-provider="scenarios" finished-at="2022-05-26T00:55:45 EET">
          <params>
            <param index="0">
              <value>
                <![CDATA["user logins with valid credentials"]]>
              </value>
            </param>
            <param index="1">
              <value>
                <![CDATA["2-Login - user can login successfully with valid credentials"]]>
              </value>
            </param>
          </params>
          <reporter-output>
          </reporter-output>
        </test-method> <!-- runScenario -->
        <test-method status="PASS" signature="runScenario(io.cucumber.testng.PickleWrapper,io.cucumber.testng.FeatureWrapper)[pri:0, instance:org.example.runners.TestRunner@480bdb19]" name="runScenario" duration-ms="8909" started-at="2022-05-26T00:55:45 EET" description="Runs Cucumber Scenarios" data-provider="scenarios" finished-at="2022-05-26T00:55:54 EET">
          <params>
            <param index="0">
              <value>
                <![CDATA["guest user switches between currencies [$,€]"]]>
              </value>
            </param>
            <param index="1">
              <value>
                <![CDATA["3-Currency switch - user should be able to switch currency from US Dollar to Euro"]]>
              </value>
            </param>
          </params>
          <reporter-output>
          </reporter-output>
        </test-method> <!-- runScenario -->
        <test-method status="PASS" signature="runScenario(io.cucumber.testng.PickleWrapper,io.cucumber.testng.FeatureWrapper)[pri:0, instance:org.example.runners.TestRunner@480bdb19]" name="runScenario" duration-ms="8430" started-at="2022-05-26T00:55:54 EET" description="Runs Cucumber Scenarios" data-provider="scenarios" finished-at="2022-05-26T00:56:02 EET">
          <params>
            <param index="0">
              <value>
                <![CDATA["guest user searches for a product keyword and view results successfully"]]>
              </value>
            </param>
            <param index="1">
              <value>
                <![CDATA["4-Search - guest user should be able to search for any product"]]>
              </value>
            </param>
          </params>
          <reporter-output>
          </reporter-output>
        </test-method> <!-- runScenario -->
        <test-method status="PASS" signature="runScenario(io.cucumber.testng.PickleWrapper,io.cucumber.testng.FeatureWrapper)[pri:0, instance:org.example.runners.TestRunner@480bdb19]" name="runScenario" duration-ms="9059" started-at="2022-05-26T00:56:02 EET" description="Runs Cucumber Scenarios" data-provider="scenarios" finished-at="2022-05-26T00:56:11 EET">
          <params>
            <param index="0">
              <value>
                <![CDATA["guest user searches with sku and view results successfully"]]>
              </value>
            </param>
            <param index="1">
              <value>
                <![CDATA["4-Search - guest user should be able to search for any product"]]>
              </value>
            </param>
          </params>
          <reporter-output>
          </reporter-output>
        </test-method> <!-- runScenario -->
        <test-method status="PASS" signature="runScenario(io.cucumber.testng.PickleWrapper,io.cucumber.testng.FeatureWrapper)[pri:0, instance:org.example.runners.TestRunner@480bdb19]" name="runScenario" duration-ms="11833" started-at="2022-05-26T00:56:11 EET" description="Runs Cucumber Scenarios" data-provider="scenarios" finished-at="2022-05-26T00:56:23 EET">
          <params>
            <param index="0">
              <value>
                <![CDATA["user could hover categories and select sub category"]]>
              </value>
            </param>
            <param index="1">
              <value>
                <![CDATA["user should be able to hover categories and select sub category"]]>
              </value>
            </param>
          </params>
          <reporter-output>
          </reporter-output>
        </test-method> <!-- runScenario -->
        <test-method status="FAIL" signature="runScenario(io.cucumber.testng.PickleWrapper,io.cucumber.testng.FeatureWrapper)[pri:0, instance:org.example.runners.TestRunner@480bdb19]" name="runScenario" duration-ms="9417" started-at="2022-05-26T00:56:23 EET" description="Runs Cucumber Scenarios" data-provider="scenarios" finished-at="2022-05-26T00:56:33 EET">
          <params>
            <param index="0">
              <value>
                <![CDATA["user clicks on first slider and got redirected to relevant product page"]]>
              </value>
            </param>
            <param index="1">
              <value>
                <![CDATA["6-Home slider - user should be able to click on any slider to view related products"]]>
              </value>
            </param>
          </params>
          <exception class="java.lang.AssertionError">
            <message>
              <![CDATA[expected [true] but found [false]]]>
            </message>
            <full-stacktrace>
              <![CDATA[java.lang.AssertionError: expected [true] but found [false]
at org.testng.Assert.fail(Assert.java:110)
at org.testng.Assert.failNotEquals(Assert.java:1413)
at org.testng.Assert.assertEqualsImpl(Assert.java:149)
at org.testng.Assert.assertEquals(Assert.java:131)
at org.testng.Assert.assertEquals(Assert.java:976)
at org.testng.Assert.assertEquals(Assert.java:1010)
at org.example.stepDefinitions.TC06_homeSliderStepDefinition.related_product_page_opens_for_first_slider(TC06_homeSliderStepDefinition.java:24)
at ✽.related product page opens for first slider(file:///C:/Users/MohD_/Documents/Udacity/nopCommerceAutomation/src/main/resources/features/TS06_sliderFeature.feature:6)
]]>
            </full-stacktrace>
          </exception> <!-- java.lang.AssertionError -->
          <reporter-output>
          </reporter-output>
        </test-method> <!-- runScenario -->
        <test-method status="FAIL" signature="runScenario(io.cucumber.testng.PickleWrapper,io.cucumber.testng.FeatureWrapper)[pri:0, instance:org.example.runners.TestRunner@480bdb19]" name="runScenario" duration-ms="17733" started-at="2022-05-26T00:56:33 EET" description="Runs Cucumber Scenarios" data-provider="scenarios" finished-at="2022-05-26T00:56:50 EET">
          <params>
            <param index="0">
              <value>
                <![CDATA["user clicks on second slider and got redirected to relevant product page"]]>
              </value>
            </param>
            <param index="1">
              <value>
                <![CDATA["6-Home slider - user should be able to click on any slider to view related products"]]>
              </value>
            </param>
          </params>
          <exception class="org.openqa.selenium.TimeoutException">
            <message>
              <![CDATA[Expected condition failed: waiting for url to contain "https://demo.nopcommerce.com/iphone-6". Current url: "https://demo.nopcommerce.com/" (tried for 5 second(s) with 500 milliseconds interval)
Build info: version: '4.1.4', revision: '535d840ee2'
System info: host: 'DESKTOP-N4RDRK4', ip: '192.168.100.7', os.name: 'Windows 10', os.arch: 'amd64', os.version: '10.0', java.version: '1.8.0_321'
Driver info: org.openqa.selenium.chrome.ChromeDriver
Capabilities {acceptInsecureCerts: false, browserName: chrome, browserVersion: 101.0.4951.67, chrome: {chromedriverVersion: 101.0.4951.41 (93c720db8323..., userDataDir: C:\Users\MohD_\AppData\Loca...}, goog:chromeOptions: {debuggerAddress: localhost:57264}, javascriptEnabled: true, networkConnectionEnabled: false, pageLoadStrategy: normal, platform: WINDOWS, platformName: WINDOWS, proxy: Proxy(), se:cdp: ws://localhost:57264/devtoo..., se:cdpVersion: 101.0.4951.67, setWindowRect: true, strictFileInteractability: false, timeouts: {implicit: 0, pageLoad: 300000, script: 30000}, unhandledPromptBehavior: dismiss and notify, webauthn:extension:credBlob: true, webauthn:extension:largeBlob: true, webauthn:virtualAuthenticators: true}
Session ID: fee26b033bb44ff3100e2211754fab9a]]>
            </message>
            <full-stacktrace>
              <![CDATA[org.openqa.selenium.TimeoutException: Expected condition failed: waiting for url to contain "https://demo.nopcommerce.com/iphone-6". Current url: "https://demo.nopcommerce.com/" (tried for 5 second(s) with 500 milliseconds interval)
Build info: version: '4.1.4', revision: '535d840ee2'
System info: host: 'DESKTOP-N4RDRK4', ip: '192.168.100.7', os.name: 'Windows 10', os.arch: 'amd64', os.version: '10.0', java.version: '1.8.0_321'
Driver info: org.openqa.selenium.chrome.ChromeDriver
Capabilities {acceptInsecureCerts: false, browserName: chrome, browserVersion: 101.0.4951.67, chrome: {chromedriverVersion: 101.0.4951.41 (93c720db8323..., userDataDir: C:\Users\MohD_\AppData\Loca...}, goog:chromeOptions: {debuggerAddress: localhost:57264}, javascriptEnabled: true, networkConnectionEnabled: false, pageLoadStrategy: normal, platform: WINDOWS, platformName: WINDOWS, proxy: Proxy(), se:cdp: ws://localhost:57264/devtoo..., se:cdpVersion: 101.0.4951.67, setWindowRect: true, strictFileInteractability: false, timeouts: {implicit: 0, pageLoad: 300000, script: 30000}, unhandledPromptBehavior: dismiss and notify, webauthn:extension:credBlob: true, webauthn:extension:largeBlob: true, webauthn:virtualAuthenticators: true}
Session ID: fee26b033bb44ff3100e2211754fab9a
at org.openqa.selenium.support.ui.WebDriverWait.timeoutException(WebDriverWait.java:87)
at org.openqa.selenium.support.ui.FluentWait.until(FluentWait.java:231)
at org.example.stepDefinitions.TC06_homeSliderStepDefinition.related_product_page_opens_for_second_slider(TC06_homeSliderStepDefinition.java:37)
at ✽.related product page opens for second slider(file:///C:/Users/MohD_/Documents/Udacity/nopCommerceAutomation/src/main/resources/features/TS06_sliderFeature.feature:10)
]]>
            </full-stacktrace>
          </exception> <!-- org.openqa.selenium.TimeoutException -->
          <reporter-output>
          </reporter-output>
        </test-method> <!-- runScenario -->
        <test-method status="PASS" signature="runScenario(io.cucumber.testng.PickleWrapper,io.cucumber.testng.FeatureWrapper)[pri:0, instance:org.example.runners.TestRunner@480bdb19]" name="runScenario" duration-ms="7655" started-at="2022-05-26T00:56:50 EET" description="Runs Cucumber Scenarios" data-provider="scenarios" finished-at="2022-05-26T00:56:58 EET">
          <params>
            <param index="0">
              <value>
                <![CDATA["user can open Facebook link"]]>
              </value>
            </param>
            <param index="1">
              <value>
                <![CDATA["user should be able to open all follow us links"]]>
              </value>
            </param>
          </params>
          <reporter-output>
          </reporter-output>
        </test-method> <!-- runScenario -->
        <test-method status="PASS" signature="runScenario(io.cucumber.testng.PickleWrapper,io.cucumber.testng.FeatureWrapper)[pri:0, instance:org.example.runners.TestRunner@480bdb19]" name="runScenario" duration-ms="9022" started-at="2022-05-26T00:56:58 EET" description="Runs Cucumber Scenarios" data-provider="scenarios" finished-at="2022-05-26T00:57:07 EET">
          <params>
            <param index="0">
              <value>
                <![CDATA["user can open Twitter link"]]>
              </value>
            </param>
            <param index="1">
              <value>
                <![CDATA["user should be able to open all follow us links"]]>
              </value>
            </param>
          </params>
          <reporter-output>
          </reporter-output>
        </test-method> <!-- runScenario -->
        <test-method status="FAIL" signature="runScenario(io.cucumber.testng.PickleWrapper,io.cucumber.testng.FeatureWrapper)[pri:0, instance:org.example.runners.TestRunner@480bdb19]" name="runScenario" duration-ms="9230" started-at="2022-05-26T00:57:07 EET" description="Runs Cucumber Scenarios" data-provider="scenarios" finished-at="2022-05-26T00:57:16 EET">
          <params>
            <param index="0">
              <value>
                <![CDATA["user can open newsletter link"]]>
              </value>
            </param>
            <param index="1">
              <value>
                <![CDATA["user should be able to open all follow us links"]]>
              </value>
            </param>
          </params>
          <exception class="java.lang.IndexOutOfBoundsException">
            <message>
              <![CDATA[Index: 1, Size: 1]]>
            </message>
            <full-stacktrace>
              <![CDATA[java.lang.IndexOutOfBoundsException: Index: 1, Size: 1
at java.util.ArrayList.rangeCheck(ArrayList.java:659)
at java.util.ArrayList.get(ArrayList.java:435)
at org.example.stepDefinitions.TC07_followUsStepDefinition.newsletter_opens_page_url_in_new_tab(TC07_followUsStepDefinition.java:55)
at ✽.newsletter should open page url in new tab(file:///C:/Users/MohD_/Documents/Udacity/nopCommerceAutomation/src/main/resources/features/TS07_followUsFeature.feature:17)
]]>
            </full-stacktrace>
          </exception> <!-- java.lang.IndexOutOfBoundsException -->
          <reporter-output>
          </reporter-output>
        </test-method> <!-- runScenario -->
        <test-method status="PASS" signature="runScenario(io.cucumber.testng.PickleWrapper,io.cucumber.testng.FeatureWrapper)[pri:0, instance:org.example.runners.TestRunner@480bdb19]" name="runScenario" duration-ms="9914" started-at="2022-05-26T00:57:16 EET" description="Runs Cucumber Scenarios" data-provider="scenarios" finished-at="2022-05-26T00:57:26 EET">
          <params>
            <param index="0">
              <value>
                <![CDATA["user can open Youtube link"]]>
              </value>
            </param>
            <param index="1">
              <value>
                <![CDATA["user should be able to open all follow us links"]]>
              </value>
            </param>
          </params>
          <reporter-output>
          </reporter-output>
        </test-method> <!-- runScenario -->
        <test-method status="PASS" signature="runScenario(io.cucumber.testng.PickleWrapper,io.cucumber.testng.FeatureWrapper)[pri:0, instance:org.example.runners.TestRunner@480bdb19]" name="runScenario" duration-ms="5720" started-at="2022-05-26T00:57:26 EET" description="Runs Cucumber Scenarios" data-provider="scenarios" finished-at="2022-05-26T00:57:32 EET">
          <params>
            <param index="0">
              <value>
                <![CDATA["user adds product to wishlist and success message displays successfully"]]>
              </value>
            </param>
            <param index="1">
              <value>
                <![CDATA["8- Wishlist - user should be able to add products to wishlist"]]>
              </value>
            </param>
          </params>
          <reporter-output>
          </reporter-output>
        </test-method> <!-- runScenario -->
        <test-method status="PASS" signature="runScenario(io.cucumber.testng.PickleWrapper,io.cucumber.testng.FeatureWrapper)[pri:0, instance:org.example.runners.TestRunner@480bdb19]" name="runScenario" duration-ms="5650" started-at="2022-05-26T00:57:32 EET" description="Runs Cucumber Scenarios" data-provider="scenarios" finished-at="2022-05-26T00:57:38 EET">
          <params>
            <param index="0">
              <value>
                <![CDATA["number of wishlist items increased successfully"]]>
              </value>
            </param>
            <param index="1">
              <value>
                <![CDATA["8- Wishlist - user should be able to add products to wishlist"]]>
              </value>
            </param>
          </params>
          <reporter-output>
          </reporter-output>
        </test-method> <!-- runScenario -->
        <test-method status="PASS" signature="runScenario(io.cucumber.testng.PickleWrapper,io.cucumber.testng.FeatureWrapper)[pri:0, instance:org.example.runners.TestRunner@480bdb19]" name="runScenario" duration-ms="8671" started-at="2022-05-26T00:57:38 EET" description="Runs Cucumber Scenarios" data-provider="scenarios" finished-at="2022-05-26T00:57:46 EET">
          <params>
            <param index="0">
              <value>
                <![CDATA["user adds products successfully to shopping cart"]]>
              </value>
            </param>
            <param index="1">
              <value>
                <![CDATA["9-Shopping Cart - user should be able to add products to shopping cart"]]>
              </value>
            </param>
          </params>
          <reporter-output>
          </reporter-output>
        </test-method> <!-- runScenario -->
        <test-method status="PASS" signature="tearDownClass()[pri:0, instance:org.example.runners.TestRunner@480bdb19]" name="tearDownClass" is-config="true" duration-ms="207" started-at="2022-05-26T00:57:46 EET" finished-at="2022-05-26T00:57:46 EET">
          <reporter-output>
          </reporter-output>
        </test-method> <!-- tearDownClass -->
      </class> <!-- org.example.runners.TestRunner -->
    </test> <!-- Surefire test -->
  </suite> <!-- Surefire suite -->
</testng-results>
